<?xml version="1.0" encoding="UTF-8"?>
<testng-results skipped="0" failed="0" ignored="0" total="1" passed="1">
  <reporter-output>
  </reporter-output>
  <suite name="InetBanking" duration-ms="90534" started-at="2019-09-19T23:41:03 IST" finished-at="2019-09-19T23:42:33 IST">
    <groups>
    </groups>
    <test name="InetBanking Test" duration-ms="90534" started-at="2019-09-19T23:41:03 IST" finished-at="2019-09-19T23:42:33 IST">
      <class name="com.inetbanking.testCases.TC_LoginTest_001">
        <test-method status="PASS" signature="setUp(java.lang.String)[pri:0, instance:com.inetbanking.testCases.TC_LoginTest_001@4b952a2d]" name="setUp" is-config="true" duration-ms="61329" started-at="2019-09-19T23:41:04 IST" finished-at="2019-09-19T23:42:05 IST">
          <params>
            <param index="0">
              <value>
                <![CDATA[chrome]]>
              </value>
            </param>
          </params>
          <reporter-output>
          </reporter-output>
        </test-method> <!-- setUp -->
        <test-method status="PASS" signature="loginTest()[pri:0, instance:com.inetbanking.testCases.TC_LoginTest_001@4b952a2d]" name="loginTest" duration-ms="27235" started-at="2019-09-19T23:42:05 IST" finished-at="2019-09-19T23:42:32 IST">
          <reporter-output>
          </reporter-output>
        </test-method> <!-- loginTest -->
        <test-method status="PASS" signature="tearDown()[pri:0, instance:com.inetbanking.testCases.TC_LoginTest_001@4b952a2d]" name="tearDown" is-config="true" duration-ms="700" started-at="2019-09-19T23:42:32 IST" finished-at="2019-09-19T23:42:33 IST">
          <reporter-output>
          </reporter-output>
        </test-method> <!-- tearDown -->
      </class> <!-- com.inetbanking.testCases.TC_LoginTest_001 -->
    </test> <!-- InetBanking Test -->
  </suite> <!-- InetBanking -->
</testng-results>
