<?xml version="1.0" encoding="UTF-8"?>
<testsuite xmlns:xsi="http://www.w3.org/2001/XMLSchema-instance" xsi:noNamespaceSchemaLocation="https://maven.apache.org/surefire/maven-surefire-plugin/xsd/surefire-test-report.xsd" name="TestSuite" time="13.944" tests="1" errors="0" skipped="0" failures="1">
  <properties>
[...]
</properties>
  <testcase name="loginTest" classname="com.inetbanking.testCases.TC_LoginTest_001" time="1.477">
    <failure message="unexpected alert open: {Alert text : User or Password is not valid}&#10;  (Session info: chrome=80.0.3987.106)&#10;  (Driver info: chromedriver=2.35.528161 (5b82f2d2aae0ca24b877009200ced9065a772e73),platform=Windows NT 6.1.7601 SP1 x86_64) (WARNING: The server did not provide any stacktrace information)&#10;Command duration or timeout: 0 milliseconds: null&#10;Build info: version: &apos;3.141.59&apos;, revision: &apos;e82be7d358&apos;, time: &apos;2018-11-14T08:17:03&apos;&#10;System info: host: &apos;BASU-PC&apos;, ip: &apos;192.168.2.4&apos;, os.name: &apos;Windows 7&apos;, os.arch: &apos;amd64&apos;, os.version: &apos;6.1&apos;, java.version: &apos;1.8.0_171&apos;&#10;Driver info: org.openqa.selenium.chrome.ChromeDriver&#10;Capabilities {acceptInsecureCerts: false, acceptSslCerts: false, applicationCacheEnabled: false, browserConnectionEnabled: false, browserName: chrome, chrome: {chromedriverVersion: 2.35.528161 (5b82f2d2aae0ca..., userDataDir: C:\Users\Admin\AppData\Loca...}, cssSelectorsEnabled: true, databaseEnabled: false, handlesAlerts: true, hasTouchScreen: false, javascriptEnabled: true, locationContextEnabled: true, mobileEmulationEnabled: false, nativeEvents: true, networkConnectionEnabled: false, pageLoadStrategy: normal, platform: XP, platformName: XP, rotatable: false, setWindowRect: true, takesHeapSnapshot: true, takesScreenshot: true, unexpectedAlertBehaviour: , unhandledPromptBehavior: , version: 80.0.3987.106, webStorageEnabled: true}&#10;Session ID: 3f41f76f5a165a6b610b272b3fa7f6c9" type="org.openqa.selenium.UnhandledAlertException">org.openqa.selenium.UnhandledAlertException: 
unexpected alert open: {Alert text : User or Password is not valid}
  (Session info: chrome=80.0.3987.106)
  (Driver info: chromedriver=2.35.528161 (5b82f2d2aae0ca24b877009200ced9065a772e73),platform=Windows NT 6.1.7601 SP1 x86_64) (WARNING: The server did not provide any stacktrace information)
Command duration or timeout: 0 milliseconds: null
Build info: version: '3.141.59', revision: 'e82be7d358', time: '2018-11-14T08:17:03'
System info: host: 'BASU-PC', ip: '192.168.2.4', os.name: 'Windows 7', os.arch: 'amd64', os.version: '6.1', java.version: '1.8.0_171'
Driver info: org.openqa.selenium.chrome.ChromeDriver
Capabilities {acceptInsecureCerts: false, acceptSslCerts: false, applicationCacheEnabled: false, browserConnectionEnabled: false, browserName: chrome, chrome: {chromedriverVersion: 2.35.528161 (5b82f2d2aae0ca..., userDataDir: C:\Users\Admin\AppData\Loca...}, cssSelectorsEnabled: true, databaseEnabled: false, handlesAlerts: true, hasTouchScreen: false, javascriptEnabled: true, locationContextEnabled: true, mobileEmulationEnabled: false, nativeEvents: true, networkConnectionEnabled: false, pageLoadStrategy: normal, platform: XP, platformName: XP, rotatable: false, setWindowRect: true, takesHeapSnapshot: true, takesScreenshot: true, unexpectedAlertBehaviour: , unhandledPromptBehavior: , version: 80.0.3987.106, webStorageEnabled: true}
Session ID: 3f41f76f5a165a6b610b272b3fa7f6c9
	at com.inetbanking.testCases.TC_LoginTest_001.loginTest(TC_LoginTest_001.java:28)
</failure>
    <system-out><![CDATA[%Sp [main] (TC_LoginTest_001.java:17)- URL is opened
%Sp [main] (TC_LoginTest_001.java:21)- Entered username
%Sp [main] (TC_LoginTest_001.java:24)- Entered password
]]></system-out>
    <system-err><![CDATA[log4j:ERROR Unexpected char [S] at position 2 in conversion patterrn.
log4j:WARN No such property [conversionPattern] in org.apache.log4j.TTCCLayout.
log4j:WARN No such property [dateFormat] in org.apache.log4j.PatternLayout.
Starting ChromeDriver 2.35.528161 (5b82f2d2aae0ca24b877009200ced9065a772e73) on port 30421
Only local connections are allowed.
Feb 16, 2020 7:22:27 PM org.openqa.selenium.remote.ProtocolHandshake createSession
INFO: Detected dialect: OSS
]]></system-err>
  </testcase>
</testsuite>